<?xml version="1.0" encoding="UTF-8"?>
<testng-results ignored="0" total="1" passed="1" failed="0" skipped="0">
  <reporter-output>
  </reporter-output>
  <suite started-at="2022-08-25T15:08:56 IST" name="Default suite" finished-at="2022-08-25T15:09:18 IST" duration-ms="21616">
    <groups>
    </groups>
    <test started-at="2022-08-25T15:08:56 IST" name="Default test" finished-at="2022-08-25T15:09:18 IST" duration-ms="21616">
      <class name="lamdatestAssignment.TestCase2">
        <test-method is-config="true" signature="setUp()[pri:0, instance:lamdatestAssignment.TestCase2@3bf9ce3e]" started-at="2022-08-25T15:08:56 IST" name="setUp" finished-at="2022-08-25T15:09:10 IST" duration-ms="13928" status="PASS">
          <reporter-output>
          </reporter-output>
        </test-method> <!-- setUp -->
        <test-method signature="testSimple()[pri:0, instance:lamdatestAssignment.TestCase2@3bf9ce3e]" started-at="2022-08-25T15:09:10 IST" name="testSimple" finished-at="2022-08-25T15:09:16 IST" duration-ms="5894" status="PASS">
          <reporter-output>
          </reporter-output>
        </test-method> <!-- testSimple -->
        <test-method is-config="true" signature="tearDown()[pri:0, instance:lamdatestAssignment.TestCase2@3bf9ce3e]" started-at="2022-08-25T15:09:16 IST" name="tearDown" finished-at="2022-08-25T15:09:18 IST" duration-ms="1747" status="PASS">
          <reporter-output>
          </reporter-output>
        </test-method> <!-- tearDown -->
      </class> <!-- lamdatestAssignment.TestCase2 -->
    </test> <!-- Default test -->
  </suite> <!-- Default suite -->
</testng-results>
